Arguments: 
  /usr/local/bin/node /usr/local/bin/yarn init

PATH: 
  /usr/bin:/bin:/usr/sbin:/sbin:/opt/local/bin:/opt/local/sbin:/opt/X11/bin:/Applications/VMware Fusion.app/Contents/Public:/usr/local/share/dotnet:/usr/local/go/bin:/usr/local/MacGPG2/bin:/Library/Frameworks/Mono.framework/Versions/Current/Commands:/Applications/Postgres.app/Contents/Versions/latest/bin:/Library/TeX/texbin:/Applications/Wireshark.app/Contents/MacOS:/usr/local/bin

Yarn version: 
  1.2.1

Node version: 
  10.15.3

Platform: 
  darwin x64

npm manifest: 
  No manifest

yarn manifest: 
  No manifest

Lockfile: 
  No lockfile

Trace: 
  Error: canceled
      at Interface.<anonymous> (/usr/local/lib/node_modules/yarn/lib/cli.js:120971:13)
      at Interface.emit (events.js:189:13)
      at Interface._ttyWrite (readline.js:783:16)
      at ReadStream.onkeypress (readline.js:168:10)
      at ReadStream.emit (events.js:189:13)
      at emitKeys (internal/readline.js:424:14)
      at emitKeys.next (<anonymous>)
      at ReadStream.onData (readline.js:1022:36)
      at ReadStream.emit (events.js:189:13)
      at addChunk (_stream_readable.js:284:12)
